# JRE version: OpenJDK Runtime Environment (11.0.10) (build 11.0.10+0-b96-7249189)
# Java VM: OpenJDK 64-Bit Server VM (11.0.10+0-b96-7249189, mixed mode, tiered, compressed oops, g1 gc, windows-amd64)
Heap:
 garbage-first heap   total 358400K, used 157275K [0x0000000080000000, 0x0000000100000000)
  region size 1024K, 9 young (9216K), 9 survivors (9216K)
 Metaspace       used 131065K, capacity 134553K, committed 134828K, reserved 1167360K
  class space    used 16339K, capacity 17601K, committed 17664K, reserved 1048576K
GC Heap History (20 events):
Event: 481.295 GC heap after
{Heap after GC invocations=52 (full 0):
 garbage-first heap   total 297984K, used 146592K [0x0000000080000000, 0x0000000100000000)
  region size 1024K, 2 young (2048K), 2 survivors (2048K)
 Metaspace       used 130078K, capacity 133497K, committed 133804K, reserved 1165312K
  class space    used 16313K, capacity 17547K, committed 17664K, reserved 1048576K
}
Event: 482.132 GC heap before
{Heap before GC invocations=52 (full 0):
 garbage-first heap   total 297984K, used 235680K [0x0000000080000000, 0x0000000100000000)
  region size 1024K, 89 young (91136K), 2 survivors (2048K)
 Metaspace       used 130366K, capacity 133782K, committed 134060K, reserved 1165312K
  class space    used 16318K, capacity 17551K, committed 17664K, reserved 1048576K
}
Event: 482.141 GC heap after
{Heap after GC invocations=53 (full 0):
 garbage-first heap   total 297984K, used 148851K [0x0000000080000000, 0x0000000100000000)
  region size 1024K, 4 young (4096K), 4 survivors (4096K)
 Metaspace       used 130366K, capacity 133782K, committed 134060K, reserved 1165312K
  class space    used 16318K, capacity 17551K, committed 17664K, reserved 1048576K
}
Event: 482.754 GC heap before
{Heap before GC invocations=53 (full 0):
 garbage-first heap   total 297984K, used 243059K [0x0000000080000000, 0x0000000100000000)
  region size 1024K, 96 young (98304K), 4 survivors (4096K)
 Metaspace       used 130712K, capacity 134145K, committed 134316K, reserved 1165312K
  class space    used 16323K, capacity 17559K, committed 17664K, reserved 1048576K
}
Event: 482.760 GC heap after
{Heap after GC invocations=54 (full 0):
 garbage-first heap   total 297984K, used 148960K [0x0000000080000000, 0x0000000100000000)
  region size 1024K, 4 young (4096K), 4 survivors (4096K)
 Metaspace       used 130712K, capacity 134145K, committed 134316K, reserved 1165312K
  class space    used 16323K, capacity 17559K, committed 17664K, reserved 1048576K
}
Event: 483.209 GC heap before
{Heap before GC invocations=54 (full 0):
 garbage-first heap   total 297984K, used 244192K [0x0000000080000000, 0x0000000100000000)
  region size 1024K, 97 young (99328K), 4 survivors (4096K)
 Metaspace       used 130875K, capacity 134317K, committed 134572K, reserved 1167360K
  class space    used 16327K, capacity 17592K, committed 17664K, reserved 1048576K
}
Event: 483.214 GC heap after
{Heap after GC invocations=55 (full 0):
 garbage-first heap   total 297984K, used 150108K [0x0000000080000000, 0x0000000100000000)
  region size 1024K, 5 young (5120K), 5 survivors (5120K)
 Metaspace       used 130875K, capacity 134317K, committed 134572K, reserved 1167360K
  class space    used 16327K, capacity 17592K, committed 17664K, reserved 1048576K
}
Event: 483.697 GC heap before
{Heap before GC invocations=55 (full 0):
 garbage-first heap   total 297984K, used 247388K [0x0000000080000000, 0x0000000100000000)
  region size 1024K, 100 young (102400K), 5 survivors (5120K)
 Metaspace       used 130942K, capacity 134413K, committed 134572K, reserved 1167360K
  class space    used 16332K, capacity 17600K, committed 17664K, reserved 1048576K
}
Event: 483.705 GC heap after
{Heap after GC invocations=56 (full 0):
 garbage-first heap   total 297984K, used 151042K [0x0000000080000000, 0x0000000100000000)
  region size 1024K, 6 young (6144K), 6 survivors (6144K)
 Metaspace       used 130942K, capacity 134413K, committed 134572K, reserved 1167360K
  class space    used 16332K, capacity 17600K, committed 17664K, reserved 1048576K
}
Event: 484.229 GC heap before
{Heap before GC invocations=56 (full 0):
 garbage-first heap   total 297984K, used 249346K [0x0000000080000000, 0x0000000100000000)
  region size 1024K, 102 young (104448K), 6 survivors (6144K)
 Metaspace       used 130974K, capacity 134416K, committed 134572K, reserved 1167360K
  class space    used 16338K, capacity 17600K, committed 17664K, reserved 1048576K
}
Event: 484.241 GC heap after
{Heap after GC invocations=57 (full 0):
 garbage-first heap   total 297984K, used 152044K [0x0000000080000000, 0x0000000100000000)
  region size 1024K, 7 young (7168K), 7 survivors (7168K)
 Metaspace       used 130974K, capacity 134416K, committed 134572K, reserved 1167360K
  class space    used 16338K, capacity 17600K, committed 17664K, reserved 1048576K
}
Event: 484.493 GC heap before
{Heap before GC invocations=57 (full 0):
 garbage-first heap   total 297984K, used 251372K [0x0000000080000000, 0x0000000100000000)
  region size 1024K, 104 young (106496K), 7 survivors (7168K)
 Metaspace       used 131007K, capacity 134483K, committed 134572K, reserved 1167360K
  class space    used 16338K, capacity 17600K, committed 17664K, reserved 1048576K
}
Event: 484.501 GC heap after
{Heap after GC invocations=58 (full 0):
 garbage-first heap   total 297984K, used 153595K [0x0000000080000000, 0x0000000100000000)
  region size 1024K, 8 young (8192K), 8 survivors (8192K)
 Metaspace       used 131007K, capacity 134483K, committed 134572K, reserved 1167360K
  class space    used 16338K, capacity 17600K, committed 17664K, reserved 1048576K
}
Event: 484.715 GC heap before
{Heap before GC invocations=58 (full 0):
 garbage-first heap   total 297984K, used 254971K [0x0000000080000000, 0x0000000100000000)
  region size 1024K, 107 young (109568K), 8 survivors (8192K)
 Metaspace       used 131030K, capacity 134483K, committed 134572K, reserved 1167360K
  class space    used 16338K, capacity 17600K, committed 17664K, reserved 1048576K
}
Event: 484.726 GC heap after
{Heap after GC invocations=59 (full 0):
 garbage-first heap   total 297984K, used 154507K [0x0000000080000000, 0x0000000100000000)
  region size 1024K, 9 young (9216K), 9 survivors (9216K)
 Metaspace       used 131030K, capacity 134483K, committed 134572K, reserved 1167360K
  class space    used 16338K, capacity 17600K, committed 17664K, reserved 1048576K
}
Event: 484.934 GC heap before
{Heap before GC invocations=59 (full 0):
 garbage-first heap   total 297984K, used 254859K [0x0000000080000000, 0x0000000100000000)
  region size 1024K, 107 young (109568K), 9 survivors (9216K)
 Metaspace       used 131042K, capacity 134487K, committed 134572K, reserved 1167360K
  class space    used 16339K, capacity 17601K, committed 17664K, reserved 1048576K
}
Event: 484.950 GC heap after
{Heap after GC invocations=60 (full 0):
 garbage-first heap   total 297984K, used 156129K [0x0000000080000000, 0x0000000100000000)
  region size 1024K, 9 young (9216K), 9 survivors (9216K)
 Metaspace       used 131042K, capacity 134487K, committed 134572K, reserved 1167360K
  class space    used 16339K, capacity 17601K, committed 17664K, reserved 1048576K
}
Event: 485.212 GC heap before
{Heap before GC invocations=60 (full 0):
 garbage-first heap   total 297984K, used 256481K [0x0000000080000000, 0x0000000100000000)
  region size 1024K, 107 young (109568K), 9 survivors (9216K)
 Metaspace       used 131055K, capacity 134489K, committed 134572K, reserved 1167360K
  class space    used 16339K, capacity 17601K, committed 17664K, reserved 1048576K
}
Event: 485.222 GC heap after
{Heap after GC invocations=61 (full 0):
 garbage-first heap   total 297984K, used 156284K [0x0000000080000000, 0x0000000100000000)
  region size 1024K, 8 young (8192K), 8 survivors (8192K)
 Metaspace       used 131055K, capacity 134489K, committed 134572K, reserved 1167360K
  class space    used 16339K, capacity 17601K, committed 17664K, reserved 1048576K
}
Event: 485.427 GC heap before
{Heap before GC invocations=61 (full 0):
 garbage-first heap   total 297984K, used 256636K [0x0000000080000000, 0x0000000100000000)
  region size 1024K, 107 young (109568K), 8 survivors (8192K)
 Metaspace       used 131065K, capacity 134553K, committed 134828K, reserved 1167360K
  class space    used 16339K, capacity 17601K, committed 17664K, reserved 1048576K
}

