# JRE version: OpenJDK Runtime Environment (11.0.10) (build 11.0.10+0-b96-7249189)
# Java VM: OpenJDK 64-Bit Server VM (11.0.10+0-b96-7249189, mixed mode, tiered, compressed oops, g1 gc, windows-amd64)
Heap:
 garbage-first heap   total 611328K, used 129442K [0x0000000080000000, 0x0000000100000000)
  region size 1024K, 17 young (17408K), 17 survivors (17408K)
 Metaspace       used 104548K, capacity 107391K, committed 107468K, reserved 1142784K
  class space    used 13412K, capacity 14512K, committed 14540K, reserved 1048576K
GC Heap History (20 events):
Event: 24.701 GC heap after
{Heap after GC invocations=41 (full 0):
 garbage-first heap   total 274432K, used 109156K [0x0000000080000000, 0x0000000100000000)
  region size 1024K, 6 young (6144K), 6 survivors (6144K)
 Metaspace       used 101054K, capacity 103670K, committed 103884K, reserved 1138688K
  class space    used 13009K, capacity 13972K, committed 14028K, reserved 1048576K
}
Event: 25.055 GC heap before
{Heap before GC invocations=41 (full 0):
 garbage-first heap   total 274432K, used 223844K [0x0000000080000000, 0x0000000100000000)
  region size 1024K, 118 young (120832K), 6 survivors (6144K)
 Metaspace       used 101122K, capacity 103785K, committed 104012K, reserved 1138688K
  class space    used 13019K, capacity 14009K, committed 14156K, reserved 1048576K
}
Event: 25.068 GC heap after
{Heap after GC invocations=42 (full 0):
 garbage-first heap   total 274432K, used 110806K [0x0000000080000000, 0x0000000100000000)
  region size 1024K, 7 young (7168K), 7 survivors (7168K)
 Metaspace       used 101122K, capacity 103785K, committed 104012K, reserved 1138688K
  class space    used 13019K, capacity 14009K, committed 14156K, reserved 1048576K
}
Event: 25.392 GC heap before
{Heap before GC invocations=42 (full 0):
 garbage-first heap   total 274432K, used 230614K [0x0000000080000000, 0x0000000100000000)
  region size 1024K, 124 young (126976K), 7 survivors (7168K)
 Metaspace       used 101155K, capacity 103788K, committed 104012K, reserved 1138688K
  class space    used 13019K, capacity 14009K, committed 14156K, reserved 1048576K
}
Event: 25.420 GC heap after
{Heap after GC invocations=43 (full 0):
 garbage-first heap   total 396288K, used 111575K [0x0000000080000000, 0x0000000100000000)
  region size 1024K, 8 young (8192K), 8 survivors (8192K)
 Metaspace       used 101155K, capacity 103788K, committed 104012K, reserved 1138688K
  class space    used 13019K, capacity 14009K, committed 14156K, reserved 1048576K
}
Event: 26.531 GC heap before
{Heap before GC invocations=43 (full 0):
 garbage-first heap   total 396288K, used 296919K [0x0000000080000000, 0x0000000100000000)
  region size 1024K, 189 young (193536K), 8 survivors (8192K)
 Metaspace       used 101203K, capacity 103854K, committed 104012K, reserved 1138688K
  class space    used 13019K, capacity 14009K, committed 14156K, reserved 1048576K
}
Event: 26.571 GC heap after
{Heap after GC invocations=44 (full 0):
 garbage-first heap   total 396288K, used 113883K [0x0000000080000000, 0x0000000100000000)
  region size 1024K, 10 young (10240K), 10 survivors (10240K)
 Metaspace       used 101203K, capacity 103854K, committed 104012K, reserved 1138688K
  class space    used 13019K, capacity 14009K, committed 14156K, reserved 1048576K
}
Event: 27.239 GC heap before
{Heap before GC invocations=44 (full 0):
 garbage-first heap   total 396288K, used 320731K [0x0000000080000000, 0x0000000100000000)
  region size 1024K, 212 young (217088K), 10 survivors (10240K)
 Metaspace       used 101239K, capacity 103858K, committed 104012K, reserved 1138688K
  class space    used 13019K, capacity 14010K, committed 14156K, reserved 1048576K
}
Event: 27.263 GC heap after
{Heap after GC invocations=45 (full 0):
 garbage-first heap   total 396288K, used 115936K [0x0000000080000000, 0x0000000100000000)
  region size 1024K, 12 young (12288K), 12 survivors (12288K)
 Metaspace       used 101239K, capacity 103858K, committed 104012K, reserved 1138688K
  class space    used 13019K, capacity 14010K, committed 14156K, reserved 1048576K
}
Event: 27.891 GC heap before
{Heap before GC invocations=45 (full 0):
 garbage-first heap   total 396288K, used 329952K [0x0000000080000000, 0x0000000100000000)
  region size 1024K, 221 young (226304K), 12 survivors (12288K)
 Metaspace       used 101252K, capacity 103922K, committed 104268K, reserved 1138688K
  class space    used 13019K, capacity 14010K, committed 14156K, reserved 1048576K
}
Event: 27.908 GC heap after
{Heap after GC invocations=46 (full 0):
 garbage-first heap   total 396288K, used 117659K [0x0000000080000000, 0x0000000100000000)
  region size 1024K, 14 young (14336K), 14 survivors (14336K)
 Metaspace       used 101252K, capacity 103922K, committed 104268K, reserved 1138688K
  class space    used 13019K, capacity 14010K, committed 14156K, reserved 1048576K
}
Event: 28.373 GC heap before
{Heap before GC invocations=46 (full 0):
 garbage-first heap   total 396288K, used 335771K [0x0000000080000000, 0x0000000100000000)
  region size 1024K, 227 young (232448K), 14 survivors (14336K)
 Metaspace       used 101272K, capacity 103922K, committed 104268K, reserved 1138688K
  class space    used 13019K, capacity 14010K, committed 14156K, reserved 1048576K
}
Event: 28.405 GC heap after
{Heap after GC invocations=47 (full 0):
 garbage-first heap   total 490496K, used 120094K [0x0000000080000000, 0x0000000100000000)
  region size 1024K, 16 young (16384K), 16 survivors (16384K)
 Metaspace       used 101272K, capacity 103922K, committed 104268K, reserved 1138688K
  class space    used 13019K, capacity 14010K, committed 14156K, reserved 1048576K
}
Event: 29.239 GC heap before
{Heap before GC invocations=47 (full 0):
 garbage-first heap   total 490496K, used 394526K [0x0000000080000000, 0x0000000100000000)
  region size 1024K, 284 young (290816K), 16 survivors (16384K)
 Metaspace       used 101561K, capacity 104195K, committed 104524K, reserved 1140736K
  class space    used 13062K, capacity 14057K, committed 14156K, reserved 1048576K
}
Event: 29.269 GC heap after
{Heap after GC invocations=48 (full 0):
 garbage-first heap   total 490496K, used 123357K [0x0000000080000000, 0x0000000100000000)
  region size 1024K, 19 young (19456K), 19 survivors (19456K)
 Metaspace       used 101561K, capacity 104195K, committed 104524K, reserved 1140736K
  class space    used 13062K, capacity 14057K, committed 14156K, reserved 1048576K
}
Event: 30.579 GC heap before
{Heap before GC invocations=48 (full 0):
 garbage-first heap   total 490496K, used 397789K [0x0000000080000000, 0x0000000100000000)
  region size 1024K, 287 young (293888K), 19 survivors (19456K)
 Metaspace       used 102510K, capacity 105304K, committed 105420K, reserved 1140736K
  class space    used 13214K, capacity 14277K, committed 14284K, reserved 1048576K
}
Event: 30.643 GC heap after
{Heap after GC invocations=49 (full 0):
 garbage-first heap   total 490496K, used 126793K [0x0000000080000000, 0x0000000100000000)
  region size 1024K, 22 young (22528K), 22 survivors (22528K)
 Metaspace       used 102510K, capacity 105304K, committed 105420K, reserved 1140736K
  class space    used 13214K, capacity 14277K, committed 14284K, reserved 1048576K
}
Event: 33.885 GC heap before
{Heap before GC invocations=49 (full 0):
 garbage-first heap   total 490496K, used 401225K [0x0000000080000000, 0x0000000100000000)
  region size 1024K, 287 young (293888K), 22 survivors (22528K)
 Metaspace       used 104528K, capacity 107375K, committed 107468K, reserved 1142784K
  class space    used 13409K, capacity 14506K, committed 14540K, reserved 1048576K
}
Event: 33.951 GC heap after
{Heap after GC invocations=50 (full 0):
 garbage-first heap   total 490496K, used 131664K [0x0000000080000000, 0x0000000100000000)
  region size 1024K, 25 young (25600K), 25 survivors (25600K)
 Metaspace       used 104528K, capacity 107375K, committed 107468K, reserved 1142784K
  class space    used 13409K, capacity 14506K, committed 14540K, reserved 1048576K
}
Event: 35.412 GC heap before
{Heap before GC invocations=50 (full 0):
 garbage-first heap   total 490496K, used 399952K [0x0000000080000000, 0x0000000100000000)
  region size 1024K, 287 young (293888K), 25 survivors (25600K)
 Metaspace       used 104548K, capacity 107391K, committed 107468K, reserved 1142784K
  class space    used 13412K, capacity 14512K, committed 14540K, reserved 1048576K
}

